生成启动时间为 2022/12/1 20:06:37。
     1>项目“D:\test_1\game1\game1\game1.vcxproj”在节点 2 上(Build 个目标)。
     1>ClCompile:
         D:\Program Files (x86)\VC\bin\CL.exe /c /ZI /nologo /W3 /WX- /sdl /Od /Oy- /D _MBCS /Gm /EHsc /RTC1 /MDd /GS /fp:precise /Zc:wchar_t /Zc:forScope /Fo"Debug\\" /Fd"Debug\vc120.pdb" /Gd /TC /analyze- /errorReport:prompt game.c
         game.c
     1>d:\test_1\game1\game1\game.c(66): warning C4244: “函数”: 从“time_t”转换到“unsigned int”，可能丢失数据
     1>d:\test_1\game1\game1\game.c(105): warning C4715: “Iswin”: 不是所有的控件路径都返回值
       Link:
         D:\Program Files (x86)\VC\bin\link.exe /ERRORREPORT:PROMPT /OUT:"D:\test_1\game1\Debug\game1.exe" /INCREMENTAL /NOLOGO kernel32.lib user32.lib gdi32.lib winspool.lib comdlg32.lib advapi32.lib shell32.lib ole32.lib oleaut32.lib uuid.lib odbc32.lib odbccp32.lib /MANIFEST /MANIFESTUAC:"level='asInvoker' uiAccess='false'" /manifest:embed /DEBUG /PDB:"D:\test_1\game1\Debug\game1.pdb" /TLBID:1 /DYNAMICBASE /NXCOMPAT /IMPLIB:"D:\test_1\game1\Debug\game1.lib" /MACHINE:X86 Debug\game.obj
         Debug\test.obj
     1>test.obj : error LNK2019: 无法解析的外部符号 _Initboard，该符号在函数 _game 中被引用
     1>D:\test_1\game1\Debug\game1.exe : fatal error LNK1120: 1 个无法解析的外部命令
     1>已完成生成项目“D:\test_1\game1\game1\game1.vcxproj”(Build 个目标)的操作 - 失败。

生成失败。

已用时间 00:00:01.10
