生成启动时间为 2022/12/5 20:11:57。
     1>项目“D:\test_1\C_project_work\test\test\test.vcxproj”在节点 2 上(Build 个目标)。
     1>ClCompile:
         D:\Program Files (x86)\VC\bin\CL.exe /c /ZI /nologo /W3 /WX- /sdl /Od /Oy- /D _MBCS /Gm /EHsc /RTC1 /MDd /GS /fp:precise /Zc:wchar_t /Zc:forScope /Fo"Debug\\" /Fd"Debug\vc120.pdb" /Gd /TC /analyze- /errorReport:prompt Student_Score_Administration.c test.c
         test.c
     1>d:\test_1\c_project_work\test\test\test.c(5): warning C4013: “system”未定义；假设外部返回 int
         Student_Score_Administration.c
     1>d:\test_1\c_project_work\test\test\student_score_administration.c(10): error C2079: “stu”使用未定义的 struct“Stu”
     1>d:\test_1\c_project_work\test\test\student_score_administration.c(10): error C2054: 在“stu”之后应输入“(”
         正在生成代码...
     1>已完成生成项目“D:\test_1\C_project_work\test\test\test.vcxproj”(Build 个目标)的操作 - 失败。

生成失败。

已用时间 00:00:01.66
